# JRE version: Java(TM) SE Runtime Environment (8.0_121-b13) (build 1.8.0_121-b13)
# Java VM: Java HotSpot(TM) 64-Bit Server VM (25.121-b13 mixed mode linux-amd64 compressed oops)
Heap:
 PSYoungGen      total 104960K, used 72585K [0x00000000d6f00000, 0x00000000dfb00000, 0x0000000100000000)
  eden space 98816K, 67% used [0x00000000d6f00000,0x00000000dafe5eb0,0x00000000dcf80000)
  from space 6144K, 99% used [0x00000000df500000,0x00000000dfafc6f8,0x00000000dfb00000)
  to   space 10240K, 0% used [0x00000000de700000,0x00000000de700000,0x00000000df100000)
 ParOldGen       total 58368K, used 7900K [0x0000000084c00000, 0x0000000088500000, 0x00000000d6f00000)
  object space 58368K, 13% used [0x0000000084c00000,0x00000000853b7078,0x0000000088500000)
 Metaspace       used 30768K, capacity 31276K, committed 31616K, reserved 1077248K
  class space    used 4266K, capacity 4453K, committed 4480K, reserved 1048576K
GC Heap History (10 events):
Event: 1,324 GC heap before
{Heap before GC invocations=3 (full 0):
 PSYoungGen      total 36864K, used 36838K [0x00000000d6f00000, 0x00000000db700000, 0x0000000100000000)
  eden space 31744K, 100% used [0x00000000d6f00000,0x00000000d8e00000,0x00000000d8e00000)
  from space 5120K, 99% used [0x00000000d9300000,0x00000000d97f99b0,0x00000000d9800000)
  to   space 5120K, 0% used [0x00000000d8e00000,0x00000000d8e00000,0x00000000d9300000)
 ParOldGen       total 84992K, used 250K [0x0000000084c00000, 0x0000000089f00000, 0x00000000d6f00000)
  object space 84992K, 0% used [0x0000000084c00000,0x0000000084c3e940,0x0000000089f00000)
 Metaspace       used 16901K, capacity 17198K, committed 17280K, reserved 1064960K
  class space    used 2328K, capacity 2410K, committed 2432K, reserved 1048576K
Event: 1,335 GC heap after
Heap after GC invocations=3 (full 0):
 PSYoungGen      total 36864K, used 5104K [0x00000000d6f00000, 0x00000000db700000, 0x0000000100000000)
  eden space 31744K, 0% used [0x00000000d6f00000,0x00000000d6f00000,0x00000000d8e00000)
  from space 5120K, 99% used [0x00000000d8e00000,0x00000000d92fc050,0x00000000d9300000)
  to   space 5120K, 0% used [0x00000000db200000,0x00000000db200000,0x00000000db700000)
 ParOldGen       total 84992K, used 4149K [0x0000000084c00000, 0x0000000089f00000, 0x00000000d6f00000)
  object space 84992K, 4% used [0x0000000084c00000,0x000000008500d5a0,0x0000000089f00000)
 Metaspace       used 16901K, capacity 17198K, committed 17280K, reserved 1064960K
  class space    used 2328K, capacity 2410K, committed 2432K, reserved 1048576K
}
Event: 1,860 GC heap before
{Heap before GC invocations=4 (full 0):
 PSYoungGen      total 36864K, used 36848K [0x00000000d6f00000, 0x00000000db700000, 0x0000000100000000)
  eden space 31744K, 100% used [0x00000000d6f00000,0x00000000d8e00000,0x00000000d8e00000)
  from space 5120K, 99% used [0x00000000d8e00000,0x00000000d92fc050,0x00000000d9300000)
  to   space 5120K, 0% used [0x00000000db200000,0x00000000db200000,0x00000000db700000)
 ParOldGen       total 84992K, used 4149K [0x0000000084c00000, 0x0000000089f00000, 0x00000000d6f00000)
  object space 84992K, 4% used [0x0000000084c00000,0x000000008500d5a0,0x0000000089f00000)
 Metaspace       used 20244K, capacity 20416K, committed 20608K, reserved 1067008K
  class space    used 2784K, capacity 2861K, committed 2944K, reserved 1048576K
Event: 1,876 GC heap after
Heap after GC invocations=4 (full 0):
 PSYoungGen      total 68608K, used 5104K [0x00000000d6f00000, 0x00000000db700000, 0x0000000100000000)
  eden space 63488K, 0% used [0x00000000d6f00000,0x00000000d6f00000,0x00000000dad00000)
  from space 5120K, 99% used [0x00000000db200000,0x00000000db6fc020,0x00000000db700000)
  to   space 5120K, 0% used [0x00000000dad00000,0x00000000dad00000,0x00000000db200000)
 ParOldGen       total 84992K, used 8037K [0x0000000084c00000, 0x0000000089f00000, 0x00000000d6f00000)
  object space 84992K, 9% used [0x0000000084c00000,0x00000000853d9450,0x0000000089f00000)
 Metaspace       used 20244K, capacity 20416K, committed 20608K, reserved 1067008K
  class space    used 2784K, capacity 2861K, committed 2944K, reserved 1048576K
}
Event: 1,971 GC heap before
{Heap before GC invocations=5 (full 0):
 PSYoungGen      total 68608K, used 14267K [0x00000000d6f00000, 0x00000000db700000, 0x0000000100000000)
  eden space 63488K, 14% used [0x00000000d6f00000,0x00000000d77f2fc0,0x00000000dad00000)
  from space 5120K, 99% used [0x00000000db200000,0x00000000db6fc020,0x00000000db700000)
  to   space 5120K, 0% used [0x00000000dad00000,0x00000000dad00000,0x00000000db200000)
 ParOldGen       total 84992K, used 8037K [0x0000000084c00000, 0x0000000089f00000, 0x00000000d6f00000)
  object space 84992K, 9% used [0x0000000084c00000,0x00000000853d9450,0x0000000089f00000)
 Metaspace       used 20858K, capacity 21148K, committed 21248K, reserved 1067008K
  class space    used 2878K, capacity 2997K, committed 3072K, reserved 1048576K
Event: 1,985 GC heap after
Heap after GC invocations=5 (full 0):
 PSYoungGen      total 68608K, used 5088K [0x00000000d6f00000, 0x00000000dff00000, 0x0000000100000000)
  eden space 63488K, 0% used [0x00000000d6f00000,0x00000000d6f00000,0x00000000dad00000)
  from space 5120K, 99% used [0x00000000dad00000,0x00000000db1f8030,0x00000000db200000)
  to   space 10240K, 0% used [0x00000000df500000,0x00000000df500000,0x00000000dff00000)
 ParOldGen       total 84992K, used 9001K [0x0000000084c00000, 0x0000000089f00000, 0x00000000d6f00000)
  object space 84992K, 10% used [0x0000000084c00000,0x00000000854ca4e0,0x0000000089f00000)
 Metaspace       used 20858K, capacity 21148K, committed 21248K, reserved 1067008K
  class space    used 2878K, capacity 2997K, committed 3072K, reserved 1048576K
}
Event: 1,985 GC heap before
{Heap before GC invocations=6 (full 1):
 PSYoungGen      total 68608K, used 5088K [0x00000000d6f00000, 0x00000000dff00000, 0x0000000100000000)
  eden space 63488K, 0% used [0x00000000d6f00000,0x00000000d6f00000,0x00000000dad00000)
  from space 5120K, 99% used [0x00000000dad00000,0x00000000db1f8030,0x00000000db200000)
  to   space 10240K, 0% used [0x00000000df500000,0x00000000df500000,0x00000000dff00000)
 ParOldGen       total 84992K, used 9001K [0x0000000084c00000, 0x0000000089f00000, 0x00000000d6f00000)
  object space 84992K, 10% used [0x0000000084c00000,0x00000000854ca4e0,0x0000000089f00000)
 Metaspace       used 20858K, capacity 21148K, committed 21248K, reserved 1067008K
  class space    used 2878K, capacity 2997K, committed 3072K, reserved 1048576K
Event: 2,050 GC heap after
Heap after GC invocations=6 (full 1):
 PSYoungGen      total 68608K, used 0K [0x00000000d6f00000, 0x00000000dff00000, 0x0000000100000000)
  eden space 63488K, 0% used [0x00000000d6f00000,0x00000000d6f00000,0x00000000dad00000)
  from space 5120K, 0% used [0x00000000dad00000,0x00000000dad00000,0x00000000db200000)
  to   space 10240K, 0% used [0x00000000df500000,0x00000000df500000,0x00000000dff00000)
 ParOldGen       total 58368K, used 7900K [0x0000000084c00000, 0x0000000088500000, 0x00000000d6f00000)
  object space 58368K, 13% used [0x0000000084c00000,0x00000000853b7078,0x0000000088500000)
 Metaspace       used 20858K, capacity 21148K, committed 21248K, reserved 1067008K
  class space    used 2878K, capacity 2997K, committed 3072K, reserved 1048576K
}
Event: 3,032 GC heap before
{Heap before GC invocations=7 (full 1):
 PSYoungGen      total 68608K, used 63488K [0x00000000d6f00000, 0x00000000dff00000, 0x0000000100000000)
  eden space 63488K, 100% used [0x00000000d6f00000,0x00000000dad00000,0x00000000dad00000)
  from space 5120K, 0% used [0x00000000dad00000,0x00000000dad00000,0x00000000db200000)
  to   space 10240K, 0% used [0x00000000df500000,0x00000000df500000,0x00000000dff00000)
 ParOldGen       total 58368K, used 7900K [0x0000000084c00000, 0x0000000088500000, 0x00000000d6f00000)
  object space 58368K, 13% used [0x0000000084c00000,0x00000000853b7078,0x0000000088500000)
 Metaspace       used 26386K, capacity 26838K, committed 27264K, reserved 1073152K
  class space    used 3695K, capacity 3867K, committed 3968K, reserved 1048576K
Event: 3,049 GC heap after
Heap after GC invocations=7 (full 1):
 PSYoungGen      total 104960K, used 6129K [0x00000000d6f00000, 0x00000000dfb00000, 0x0000000100000000)
  eden space 98816K, 0% used [0x00000000d6f00000,0x00000000d6f00000,0x00000000dcf80000)
  from space 6144K, 99% used [0x00000000df500000,0x00000000dfafc6f8,0x00000000dfb00000)
  to   space 10240K, 0% used [0x00000000de700000,0x00000000de700000,0x00000000df100000)
 ParOldGen       total 58368K, used 7900K [0x0000000084c00000, 0x0000000088500000, 0x00000000d6f00000)
  object space 58368K, 13% used [0x0000000084c00000,0x00000000853b7078,0x0000000088500000)
 Metaspace       used 26386K, capacity 26838K, committed 27264K, reserved 1073152K
  class space    used 3695K, capacity 3867K, committed 3968K, reserved 1048576K
}

